<?xml version="1.0" encoding="UTF-8"?>
<testng-results skipped="0" failed="1" total="4" passed="3">
  <reporter-output>
    <line>
      <![CDATA[<a href='/Users/nguyentiendat/Downloads/QTium Framework/src/Selenium-TestNG/failure-screenshots/TC003_Pre_Order_Item_By_Category_Banner_12_04_2018_06_43_19.png'> <img src='/Users/nguyentiendat/Downloads/QTium Framework/src/Selenium-TestNG/failure-screenshots/TC003_Pre_Order_Item_By_Category_Banner_12_04_2018_06_43_19.png' height='100' width='100'/> </a>]]>
    </line>
  </reporter-output>
  <suite name="QTium" duration-ms="340174" started-at="2018-04-12T11:38:55Z" finished-at="2018-04-12T11:44:36Z">
    <groups>
    </groups>
    <test name="Selenium - TestNG - Safari on Mac" duration-ms="340174" started-at="2018-04-12T11:38:55Z" finished-at="2018-04-12T11:44:36Z">
      <class name="FptShop.FunctionalTests.QTiumDemo">
        <test-method status="PASS" signature="set_up()[pri:0, instance:FptShop.FunctionalTests.QTiumDemo@6385cb26]" name="set_up" is-config="true" duration-ms="57" started-at="2018-04-12T18:38:56Z" finished-at="2018-04-12T18:38:56Z">
          <reporter-output>
          </reporter-output>
        </test-method> <!-- set_up -->
        <test-method status="PASS" signature="TC001_Order_Item_By_Searching()[pri:0, instance:FptShop.FunctionalTests.QTiumDemo@6385cb26]" name="TC001_Order_Item_By_Searching" duration-ms="57540" started-at="2018-04-12T18:38:56Z" description="TC 001: Verify Order An Item By Searching Successfully" finished-at="2018-04-12T18:39:54Z">
          <reporter-output>
          </reporter-output>
        </test-method> <!-- TC001_Order_Item_By_Searching -->
        <test-method status="PASS" signature="tear_down()[pri:0, instance:FptShop.FunctionalTests.QTiumDemo@6385cb26]" name="tear_down" is-config="true" duration-ms="16225" started-at="2018-04-12T18:39:54Z" finished-at="2018-04-12T18:40:10Z">
          <reporter-output>
          </reporter-output>
        </test-method> <!-- tear_down -->
        <test-method status="PASS" signature="TC002_Order_Item_By_Category()[pri:0, instance:FptShop.FunctionalTests.QTiumDemo@6385cb26]" name="TC002_Order_Item_By_Category" duration-ms="74422" started-at="2018-04-12T18:40:10Z" description="TC 002: Verify Order An Item By Category Successfully" finished-at="2018-04-12T18:41:24Z">
          <reporter-output>
          </reporter-output>
        </test-method> <!-- TC002_Order_Item_By_Category -->
        <test-method status="PASS" signature="tear_down()[pri:0, instance:FptShop.FunctionalTests.QTiumDemo@6385cb26]" name="tear_down" is-config="true" duration-ms="14122" started-at="2018-04-12T18:41:24Z" finished-at="2018-04-12T18:41:39Z">
          <reporter-output>
          </reporter-output>
        </test-method> <!-- tear_down -->
        <test-method status="FAIL" signature="TC003_Pre_Order_Item_By_Category_Banner()[pri:0, instance:FptShop.FunctionalTests.QTiumDemo@6385cb26]" name="TC003_Pre_Order_Item_By_Category_Banner" duration-ms="90525" started-at="2018-04-12T18:41:39Z" description="TC 003: Verify Pre-Order An Item By Category Banner Successfully" finished-at="2018-04-12T18:43:09Z">
          <exception class="org.openqa.selenium.NoSuchElementException">
            <message>
              <![CDATA[Could not find element: {"using":"xpath","value":"//a[contains(@class,'btnOrderX')]"} (WARNING: The server did not provide any stacktrace information)
Command duration or timeout: 15.03 seconds
For documentation on this error, please visit: http://seleniumhq.org/exceptions/no_such_element.html
Build info: version: '2.42.2', revision: '6a6995d', time: '2014-06-03 17:42:30'
System info: host: 'nguyens-Mac.local', ip: '192.168.85.128', os.name: 'Mac OS X', os.arch: 'x86_64', os.version: '10.12', java.version: '1.8.0_162'
Driver info: org.openqa.selenium.safari.SafariDriver
Capabilities [{browserName=safari, takesScreenshot=true, javascriptEnabled=true, version=10.0, cssSelectorsEnabled=true, platform=MAC, secureSsl=true}]
Session ID: null]]>
            </message>
            <full-stacktrace>
              <![CDATA[org.openqa.selenium.NoSuchElementException: Could not find element: {"using":"xpath","value":"//a[contains(@class,'btnOrderX')]"} (WARNING: The server did not provide any stacktrace information)
Command duration or timeout: 15.03 seconds
For documentation on this error, please visit: http://seleniumhq.org/exceptions/no_such_element.html
Build info: version: '2.42.2', revision: '6a6995d', time: '2014-06-03 17:42:30'
System info: host: 'nguyens-Mac.local', ip: '192.168.85.128', os.name: 'Mac OS X', os.arch: 'x86_64', os.version: '10.12', java.version: '1.8.0_162'
Driver info: org.openqa.selenium.safari.SafariDriver
Capabilities [{browserName=safari, takesScreenshot=true, javascriptEnabled=true, version=10.0, cssSelectorsEnabled=true, platform=MAC, secureSsl=true}]
Session ID: null
	at sun.reflect.NativeConstructorAccessorImpl.newInstance0(Native Method)
	at sun.reflect.NativeConstructorAccessorImpl.newInstance(NativeConstructorAccessorImpl.java:62)
	at sun.reflect.DelegatingConstructorAccessorImpl.newInstance(DelegatingConstructorAccessorImpl.java:45)
	at java.lang.reflect.Constructor.newInstance(Constructor.java:423)
	at org.openqa.selenium.remote.ErrorHandler.createThrowable(ErrorHandler.java:204)
	at org.openqa.selenium.remote.ErrorHandler.throwIfResponseFailed(ErrorHandler.java:156)
	at org.openqa.selenium.remote.RemoteWebDriver.execute(RemoteWebDriver.java:599)
	at org.openqa.selenium.remote.RemoteWebDriver.findElement(RemoteWebDriver.java:352)
	at org.openqa.selenium.remote.RemoteWebDriver.findElementByXPath(RemoteWebDriver.java:449)
	at org.openqa.selenium.By$ByXPath.findElement(By.java:357)
	at org.openqa.selenium.remote.RemoteWebDriver.findElement(RemoteWebDriver.java:344)
	at com.logigear.selenium.QTiumAutomation.click(QTiumAutomation.java:271)
	at FptShop.PreOrderPage.orderNow(PreOrderPage.java:17)
	at FptShop.FunctionalTests.QTiumDemo.TC003_Pre_Order_Item_By_Category_Banner(QTiumDemo.java:112)
	at sun.reflect.NativeMethodAccessorImpl.invoke0(Native Method)
	at sun.reflect.NativeMethodAccessorImpl.invoke(NativeMethodAccessorImpl.java:62)
	at sun.reflect.DelegatingMethodAccessorImpl.invoke(DelegatingMethodAccessorImpl.java:43)
	at java.lang.reflect.Method.invoke(Method.java:498)
	at org.testng.internal.MethodInvocationHelper.invokeMethod(MethodInvocationHelper.java:84)
	at org.testng.internal.Invoker.invokeMethod(Invoker.java:714)
	at org.testng.internal.Invoker.invokeTestMethod(Invoker.java:901)
	at org.testng.internal.Invoker.invokeTestMethods(Invoker.java:1231)
	at org.testng.internal.TestMethodWorker.invokeTestMethods(TestMethodWorker.java:127)
	at org.testng.internal.TestMethodWorker.run(TestMethodWorker.java:111)
	at org.testng.TestRunner.privateRun(TestRunner.java:767)
	at org.testng.TestRunner.run(TestRunner.java:617)
	at org.testng.SuiteRunner.runTest(SuiteRunner.java:334)
	at org.testng.SuiteRunner.runSequentially(SuiteRunner.java:329)
	at org.testng.SuiteRunner.privateRun(SuiteRunner.java:291)
	at org.testng.SuiteRunner.run(SuiteRunner.java:240)
	at org.testng.SuiteRunnerWorker.runSuite(SuiteRunnerWorker.java:52)
	at org.testng.SuiteRunnerWorker.run(SuiteRunnerWorker.java:86)
	at org.testng.TestNG.runSuitesSequentially(TestNG.java:1224)
	at org.testng.TestNG.runSuitesLocally(TestNG.java:1149)
	at org.testng.TestNG.run(TestNG.java:1057)
	at org.testng.remote.AbstractRemoteTestNG.run(AbstractRemoteTestNG.java:114)
	at org.testng.remote.RemoteTestNG.initAndRun(RemoteTestNG.java:251)
	at org.testng.remote.RemoteTestNG.main(RemoteTestNG.java:77)
]]>
            </full-stacktrace>
          </exception> <!-- org.openqa.selenium.NoSuchElementException -->
          <reporter-output>
            <line>
              <![CDATA[<a href='/Users/nguyentiendat/Downloads/QTium Framework/src/Selenium-TestNG/failure-screenshots/TC003_Pre_Order_Item_By_Category_Banner_12_04_2018_06_43_19.png'> <img src='/Users/nguyentiendat/Downloads/QTium Framework/src/Selenium-TestNG/failure-screenshots/TC003_Pre_Order_Item_By_Category_Banner_12_04_2018_06_43_19.png' height='100' width='100'/> </a>]]>
            </line>
          </reporter-output>
        </test-method> <!-- TC003_Pre_Order_Item_By_Category_Banner -->
        <test-method status="PASS" signature="tear_down()[pri:0, instance:FptShop.FunctionalTests.QTiumDemo@6385cb26]" name="tear_down" is-config="true" duration-ms="14158" started-at="2018-04-12T18:43:19Z" finished-at="2018-04-12T18:43:34Z">
          <reporter-output>
          </reporter-output>
        </test-method> <!-- tear_down -->
        <test-method status="PASS" signature="TC004_Installment_Buying()[pri:0, instance:FptShop.FunctionalTests.QTiumDemo@6385cb26]" name="TC004_Installment_Buying" duration-ms="47794" started-at="2018-04-12T18:43:34Z" description="TC 004: Successfully Installment Buying An Item By Searching" finished-at="2018-04-12T18:44:21Z">
          <reporter-output>
          </reporter-output>
        </test-method> <!-- TC004_Installment_Buying -->
        <test-method status="PASS" signature="tear_down()[pri:0, instance:FptShop.FunctionalTests.QTiumDemo@6385cb26]" name="tear_down" is-config="true" duration-ms="14105" started-at="2018-04-12T18:44:21Z" finished-at="2018-04-12T18:44:36Z">
          <reporter-output>
          </reporter-output>
        </test-method> <!-- tear_down -->
      </class> <!-- FptShop.FunctionalTests.QTiumDemo -->
    </test> <!-- Selenium - TestNG - Safari on Mac -->
  </suite> <!-- QTium -->
</testng-results>
